# Logfile created on Fri Oct 09 15:31:01 +1030 2009  [4;36;1mSQL (1.0ms)[0m   [0;1m SELECT name
 FROM sqlite_master
 WHERE type = 'table' AND NOT name = 'sqlite_sequence'
[0m
  [4;35;1mSQL (0.0ms)[0m   [0mselect sqlite_version(*)[0m
  [4;36;1mSQL (5.0ms)[0m   [0;1mCREATE TABLE "schema_migrations" ("version" varchar(255) NOT NULL) [0m
  [4;35;1mSQL (5.0ms)[0m   [0mCREATE UNIQUE INDEX "unique_schema_migrations" ON "schema_migrations" ("version")[0m
  [4;36;1mSQL (0.0ms)[0m   [0;1m SELECT name
 FROM sqlite_master
 WHERE type = 'table' AND NOT name = 'sqlite_sequence'
[0m
  [4;35;1mSQL (0.0ms)[0m   [0mSELECT version FROM schema_migrations[0m
Migrating to CreateVolunteers (20090814043645)
  [4;36;1mSQL (2.0ms)[0m   [0;1mCREATE TABLE "volunteers" ("id" INTEGER PRIMARY KEY AUTOINCREMENT NOT NULL, "given_names" text, "surname" text, "preffered_name" text, "birth_date" date, "email" text, "skype_name" text, "mobile" text, "home_phone" text, "work_phone" text, "business_name" text, "processed_by" text, "entered_by" text, "region" text, "paid" boolean, "payment_method" text, "payment_notes" text, "personal_skills" text, "created_at" datetime, "updated_at" datetime) [0m
  [4;35;1mSQL (0.0ms)[0m   [0mINSERT INTO schema_migrations (version) VALUES ('20090814043645')[0m
Migrating to CreateLocations (20090911014430)
  [4;36;1mSQL (2.0ms)[0m   [0;1mCREATE TABLE "locations" ("id" INTEGER PRIMARY KEY AUTOINCREMENT NOT NULL, "name" varchar(255), "address" varchar(255), "suburb" varchar(255), "state" varchar(255), "post_code" varchar(255), "country" varchar(255), "primary_contact" varchar(255), "position" varchar(255), "contact_number" varchar(255), "website" varchar(255), "notes" text, "created_at" datetime, "updated_at" datetime) [0m
  [4;35;1mSQL (0.0ms)[0m   [0mINSERT INTO schema_migrations (version) VALUES ('20090911014430')[0m
Migrating to CreateChannels (20090911052823)
  [4;36;1mSQL (2.0ms)[0m   [0;1mCREATE TABLE "channels" ("id" INTEGER PRIMARY KEY AUTOINCREMENT NOT NULL, "name" varchar(255), "description" text, "created_at" datetime, "updated_at" datetime) [0m
  [4;35;1mSQL (0.0ms)[0m   [0mINSERT INTO schema_migrations (version) VALUES ('20090911052823')[0m
Migrating to AddChannelToLocation (20090913012626)
  [4;36;1mSQL (1.0ms)[0m   [0;1mALTER TABLE "locations" ADD "channel_id" integer[0m
  [4;35;1mSQL (0.0ms)[0m   [0mINSERT INTO schema_migrations (version) VALUES ('20090913012626')[0m
Migrating to CreateStates (20090918013130)
  [4;36;1mSQL (1.0ms)[0m   [0;1mCREATE TABLE "states" ("id" INTEGER PRIMARY KEY AUTOINCREMENT NOT NULL, "name" varchar(255), "code" varchar(255), "country" varchar(255), "created_at" datetime, "updated_at" datetime) [0m
  [4;35;1mSQL (0.0ms)[0m   [0mINSERT INTO schema_migrations (version) VALUES ('20090918013130')[0m
Migrating to AddStatesToLocation (20090918033432)
  [4;36;1mSQL (2.0ms)[0m   [0;1mINSERT INTO schema_migrations (version) VALUES ('20090918033432')[0m
Migrating to RemoveStateFromLocation (20090918033911)
  [4;35;1mSQL (2.0ms)[0m   [0mCREATE TEMPORARY TABLE "altered_locations" ("id" INTEGER PRIMARY KEY AUTOINCREMENT NOT NULL, "name" varchar(255), "address" varchar(255), "suburb" varchar(255), "state" varchar(255), "post_code" varchar(255), "country" varchar(255), "primary_contact" varchar(255), "position" varchar(255), "contact_number" varchar(255), "website" varchar(255), "notes" text, "created_at" datetime, "updated_at" datetime, "channel_id" integer) [0m
  [4;36;1mSQL (1.0ms)[0m   [0;1mPRAGMA index_list("locations")[0m
  [4;35;1mSQL (1.0ms)[0m   [0mDROP TABLE "locations"[0m
  [4;36;1mSQL (1.0ms)[0m   [0;1mCREATE TABLE "locations" ("id" INTEGER PRIMARY KEY AUTOINCREMENT NOT NULL, "name" varchar(255), "address" varchar(255), "suburb" varchar(255), "post_code" varchar(255), "country" varchar(255), "primary_contact" varchar(255), "position" varchar(255), "contact_number" varchar(255), "website" varchar(255), "notes" text, "created_at" datetime, "updated_at" datetime, "channel_id" integer) [0m
  [4;35;1mSQL (0.0ms)[0m   [0mPRAGMA index_list("altered_locations")[0m
  [4;36;1mSQL (0.0ms)[0m   [0;1mDROP TABLE "altered_locations"[0m
  [4;35;1mSQL (0.0ms)[0m   [0mINSERT INTO schema_migrations (version) VALUES ('20090918033911')[0m
Migrating to AddStateToLocation (20090918034206)
  [4;36;1mSQL (1.0ms)[0m   [0;1mALTER TABLE "locations" ADD "state_id" integer[0m
  [4;35;1mSQL (0.0ms)[0m   [0mINSERT INTO schema_migrations (version) VALUES ('20090918034206')[0m
Migrating to CreateProducts (20090918045338)
  [4;36;1mSQL (2.0ms)[0m   [0;1mCREATE TABLE "products" ("id" INTEGER PRIMARY KEY AUTOINCREMENT NOT NULL, "name" varchar(255), "code" varchar(255), "product_type_id" integer, "first_production" date, "ceased_production" date, "created_at" datetime, "updated_at" datetime) [0m
  [4;35;1mSQL (0.0ms)[0m   [0mINSERT INTO schema_migrations (version) VALUES ('20090918045338')[0m
Migrating to CreateAreaProducts (20090918051417)
  [4;36;1mSQL (2.0ms)[0m   [0;1mCREATE TABLE "area_products" ("id" INTEGER PRIMARY KEY AUTOINCREMENT NOT NULL, "product_id" integer, "shape" varchar(255), "width" float, "length" float, "area" float, "perimeter" float, "created_at" datetime, "updated_at" datetime) [0m
  [4;35;1mSQL (0.0ms)[0m   [0mINSERT INTO schema_migrations (version) VALUES ('20090918051417')[0m
Migrating to CreateProductTypes (20090918051730)
  [4;36;1mSQL (1.0ms)[0m   [0;1mCREATE TABLE "product_types" ("id" INTEGER PRIMARY KEY AUTOINCREMENT NOT NULL, "name" varchar(255), "first_production" date, "created_at" datetime, "updated_at" datetime) [0m
  [4;35;1mSQL (0.0ms)[0m   [0mINSERT INTO schema_migrations (version) VALUES ('20090918051730')[0m
Migrating to CreateUsers (20091009052854)
  [4;36;1mSQL (2.0ms)[0m   [0;1mCREATE TABLE "users" ("id" INTEGER PRIMARY KEY AUTOINCREMENT NOT NULL, "username" varchar(255), "email" varchar(255), "crypted_password" varchar(255), "password_salt" varchar(255), "persistence_token" varchar(255), "login_count" integer DEFAULT 0 NOT NULL, "failed_login_count" integer DEFAULT 0 NOT NULL, "last_request_at" datetime, "current_login_at" datetime, "last_login_at" datetime, "current_login_ip" varchar(255), "last_login_ip" varchar(255), "created_at" datetime, "updated_at" datetime) [0m
  [4;35;1mSQL (0.0ms)[0m   [0mINSERT INTO schema_migrations (version) VALUES ('20091009052854')[0m
  [4;36;1mSQL (1.0ms)[0m   [0;1m SELECT name
 FROM sqlite_master
 WHERE type = 'table' AND NOT name = 'sqlite_sequence'
[0m
  [4;35;1mSQL (0.0ms)[0m   [0mSELECT version FROM schema_migrations[0m
  [4;36;1mSQL (1.0ms)[0m   [0;1m SELECT name
 FROM sqlite_master
 WHERE type = 'table' AND NOT name = 'sqlite_sequence'
[0m
  [4;35;1mSQL (0.0ms)[0m   [0mPRAGMA index_list("area_products")[0m
  [4;36;1mSQL (0.0ms)[0m   [0;1mPRAGMA index_list("channels")[0m
  [4;35;1mSQL (0.0ms)[0m   [0mPRAGMA index_list("locations")[0m
  [4;36;1mSQL (0.0ms)[0m   [0;1mPRAGMA index_list("product_types")[0m
  [4;35;1mSQL (0.0ms)[0m   [0mPRAGMA index_list("products")[0m
  [4;36;1mSQL (1.0ms)[0m   [0;1mPRAGMA index_list("states")[0m
  [4;35;1mSQL (0.0ms)[0m   [0mPRAGMA index_list("users")[0m
  [4;36;1mSQL (0.0ms)[0m   [0;1mPRAGMA index_list("volunteers")[0m


Processing UsersController#index (for 127.0.0.1 at 2009-10-09 16:15:45) [GET]
  [4;36;1mUser Load (1.0ms)[0m   [0;1mSELECT * FROM "users" [0m
Rendering template within layouts/users
Rendering users/index
Completed in 4503ms (View: 4468, DB: 1) | 200 OK [http://localhost/users]


Processing UsersController#new (for 127.0.0.1 at 2009-10-09 16:16:10) [GET]
Rendering template within layouts/users
Rendering users/new
Completed in 55ms (View: 23, DB: 0) | 200 OK [http://localhost/users/new]


Processing UsersController#index (for 127.0.0.1 at 2009-10-09 16:31:09) [GET]
  [4;36;1mUser Load (0.0ms)[0m   [0;1mSELECT * FROM "users" [0m
Rendering template within layouts/users
Rendering users/index
Completed in 59ms (View: 25, DB: 0) | 200 OK [http://localhost/users]


Processing VolunteersController#index (for 127.0.0.1 at 2009-10-09 16:31:19) [GET]
  [4;35;1mVolunteer Load (1.0ms)[0m   [0mSELECT * FROM "volunteers" [0m
Rendering template within layouts/volunteers
Rendering volunteers/index
Rendered _header (6.0ms)
Rendered _footer (2.0ms)
Completed in 124ms (View: 107, DB: 1) | 200 OK [http://localhost/volunteers]


Processing VolunteersController#new (for 127.0.0.1 at 2009-10-09 16:31:23) [GET]
Rendering template within layouts/volunteers
Rendering volunteers/new
Rendered volunteers/_form (497.0ms)
Rendered _header (2.0ms)
Rendered _footer (0.0ms)
Completed in 542ms (View: 521, DB: 0) | 200 OK [http://localhost/volunteers/new]


Processing LocationsController#index (for 127.0.0.1 at 2009-10-09 16:31:55) [GET]
  [4;36;1mLocation Load (2.0ms)[0m   [0;1mSELECT * FROM "locations" [0m
Rendering template within layouts/locations
Rendering locations/index
Rendered _header (1.0ms)
Rendered _footer (0.0ms)
Completed in 183ms (View: 54, DB: 2) | 200 OK [http://localhost/locations]


Processing ChannelsController#index (for 127.0.0.1 at 2009-10-09 16:31:57) [GET]
  [4;35;1mChannel Load (1.0ms)[0m   [0mSELECT * FROM "channels" [0m
Rendering template within layouts/channels
Rendering channels/index
Rendered _header (2.0ms)
Rendered _footer (1.0ms)
Completed in 199ms (View: 52, DB: 1) | 200 OK [http://localhost/channels]


Processing ChannelsController#index (for 127.0.0.1 at 2009-10-09 16:31:58) [GET]
  [4;36;1mChannel Load (1.0ms)[0m   [0;1mSELECT * FROM "channels" [0m
Rendering template within layouts/channels
Rendering channels/index
Rendered _header (1.0ms)
Rendered _footer (0.0ms)
Completed in 29ms (View: 11, DB: 1) | 200 OK [http://localhost/channels]


Processing StatesController#index (for 127.0.0.1 at 2009-10-09 16:32:01) [GET]
  [4;35;1mState Load (2.0ms)[0m   [0mSELECT * FROM "states" [0m
Rendering template within layouts/states
Rendering states/index
Rendered _header (1.0ms)
Rendered _footer (0.0ms)
Completed in 115ms (View: 98, DB: 2) | 200 OK [http://localhost/states]


Processing ProductsController#index (for 127.0.0.1 at 2009-10-09 16:32:03) [GET]
  [4;36;1mProduct Load (1.0ms)[0m   [0;1mSELECT * FROM "products" [0m
Rendering template within layouts/products
Rendering products/index
Rendered _header (1.0ms)
Rendered _footer (0.0ms)
Completed in 140ms (View: 121, DB: 1) | 200 OK [http://localhost/products]


Processing AreaProductsController#index (for 127.0.0.1 at 2009-10-09 16:32:06) [GET]
  [4;35;1mAreaProduct Load (1.0ms)[0m   [0mSELECT * FROM "area_products" [0m
Rendering template within layouts/area_products
Rendering area_products/index
Rendered _header (1.0ms)
Rendered _footer (1.0ms)
Completed in 182ms (View: 64, DB: 1) | 200 OK [http://localhost/area_products]


Processing ProductTypesController#index (for 127.0.0.1 at 2009-10-09 16:32:08) [GET]
  [4;36;1mProductType Load (1.0ms)[0m   [0;1mSELECT * FROM "product_types" [0m
Rendering template within layouts/product_types
Rendering product_types/index
Rendered _header (1.0ms)
Rendered _footer (0.0ms)
Completed in 136ms (View: 118, DB: 1) | 200 OK [http://localhost/product_types]


Processing ProductsController#index (for 127.0.0.1 at 2009-10-09 16:32:52) [GET]
  [4;35;1mProduct Load (2.0ms)[0m   [0mSELECT * FROM "products" [0m
Rendering template within layouts/products
Rendering products/index
Rendered _header (1.0ms)
Rendered _footer (0.0ms)
Completed in 30ms (View: 11, DB: 2) | 200 OK [http://localhost/products]


Processing ChannelsController#index (for 127.0.0.1 at 2009-10-09 16:32:53) [GET]
  [4;36;1mChannel Load (2.0ms)[0m   [0;1mSELECT * FROM "channels" [0m
Rendering template within layouts/channels
Rendering channels/index
Rendered _header (1.0ms)
Rendered _footer (0.0ms)
Completed in 29ms (View: 11, DB: 2) | 200 OK [http://localhost/channels]


Processing ChannelsController#new (for 127.0.0.1 at 2009-10-09 16:32:56) [GET]
Rendering template within layouts/channels
Rendering channels/new
Rendered channels/_form (8.0ms)
Rendered _header (2.0ms)
Rendered _footer (0.0ms)
Completed in 52ms (View: 34, DB: 0) | 200 OK [http://localhost/channels/new]


Processing ChannelsController#new (for 127.0.0.1 at 2009-10-09 16:32:57) [GET]
Rendering template within layouts/channels
Rendering channels/new
Rendered channels/_form (6.0ms)
Rendered _header (2.0ms)
Rendered _footer (0.0ms)
Completed in 34ms (View: 17, DB: 0) | 200 OK [http://localhost/channels/new]


Processing VolunteersController#index (for 127.0.0.1 at 2009-10-09 16:33:06) [GET]
  [4;35;1mVolunteer Load (1.0ms)[0m   [0mSELECT * FROM "volunteers" [0m
Rendering template within layouts/volunteers
Rendering volunteers/index
Rendered _header (2.0ms)
Rendered _footer (0.0ms)
Completed in 29ms (View: 11, DB: 1) | 200 OK [http://localhost/volunteers]


Processing UsersController#index (for 127.0.0.1 at 2009-10-09 16:43:08) [GET]
  [4;36;1mUser Load (0.0ms)[0m   [0;1mSELECT * FROM "users" [0m
Rendering template within layouts/users
Rendering users/index
Rendered _header (1.0ms)
Rendered _footer (0.0ms)
Completed in 54ms (View: 19, DB: 0) | 200 OK [http://localhost/users]


Processing UsersController#new (for 127.0.0.1 at 2009-10-09 16:43:20) [GET]
Rendering template within layouts/users
Rendering users/new
Rendered users/_form (1.0ms)
Rendered _header (1.0ms)
Rendered _footer (0.0ms)
Completed in 56ms (View: 25, DB: 0) | 200 OK [http://localhost/users/new]


Processing UsersController#index (for 127.0.0.1 at 2009-10-09 16:44:40) [GET]
  [4;35;1mUser Load (0.0ms)[0m   [0mSELECT * FROM "users" [0m
Rendering template within layouts/users
Rendering users/index
Rendered _header (1.0ms)
Rendered _footer (0.0ms)
Completed in 44ms (View: 11, DB: 0) | 200 OK [http://localhost/users]


Processing UsersController#index (for 127.0.0.1 at 2009-10-09 16:44:48) [GET]
  [4;36;1mUser Load (1.0ms)[0m   [0;1mSELECT * FROM "users" [0m
Rendering template within layouts/users
Rendering users/index
Rendered _header (2.0ms)
Rendered _footer (0.0ms)
Completed in 53ms (View: 20, DB: 1) | 200 OK [http://localhost/users]


Processing UsersController#index (for 127.0.0.1 at 2009-10-09 16:51:04) [GET]
  [4;35;1mUser Load (1.0ms)[0m   [0mSELECT * FROM "users" [0m
Rendering template within layouts/users
Rendering users/index
Completed in 45ms (View: 11, DB: 1) | 200 OK [http://localhost/users]


Processing UsersController#new (for 127.0.0.1 at 2009-10-09 16:51:14) [GET]
Rendering template within layouts/users
Rendering users/new

ActionView::TemplateError (Called id for nil, which would mistakenly be 4 -- if you really wanted the id of nil, use object_id) on line #1 of app/views/users/_form.html.erb:
1: <% form_for(@channel) do |f| %>
2:   <%= f.error_messages %> 
3:   <table>
4:     <tr>

    app/views/users/_form.html.erb:1
    app/views/users/new.html.erb:8
    app/controllers/users_controller.rb:29:in `new'

Rendered rescues/_trace (178.0ms)
Rendered rescues/_request_and_response (4.0ms)
Rendering rescues/layout (internal_server_error)


Processing UsersController#index (for 127.0.0.1 at 2009-10-09 16:54:22) [GET]
  [4;36;1mUser Load (0.0ms)[0m   [0;1mSELECT * FROM "users" [0m
Rendering template within layouts/users
Rendering users/index
Completed in 39ms (View: 4, DB: 0) | 200 OK [http://localhost/users]


Processing UsersController#new (for 127.0.0.1 at 2009-10-09 16:54:25) [GET]
Rendering template within layouts/users
Rendering users/new

ActionView::TemplateError (Called id for nil, which would mistakenly be 4 -- if you really wanted the id of nil, use object_id) on line #1 of app/views/users/_form.html.erb:
1: <% form_for(@channel) do |f| %>
2:   <%= f.error_messages %> 
3:   <table>
4:     <tr>

    app/views/users/_form.html.erb:1
    app/views/users/new.html.erb:8
    app/controllers/users_controller.rb:29:in `new'

Rendered rescues/_trace (176.0ms)
Rendered rescues/_request_and_response (0.0ms)
Rendering rescues/layout (internal_server_error)


Processing UsersController#index (for 127.0.0.1 at 2009-10-09 16:55:03) [GET]
  [4;35;1mUser Load (1.0ms)[0m   [0mSELECT * FROM "users" [0m
Rendering template within layouts/users
Rendering users/index
Completed in 38ms (View: 4, DB: 1) | 200 OK [http://localhost/users]


Processing UsersController#new (for 127.0.0.1 at 2009-10-09 16:55:05) [GET]
Rendering template within layouts/users
Rendering users/new

ActionView::TemplateError (Called id for nil, which would mistakenly be 4 -- if you really wanted the id of nil, use object_id) on line #1 of app/views/users/_form.html.erb:
1: <% form_for(@channel) do |f| %>
2:   <%= f.error_messages %> 
3:   <table>
4:     <tr>

    app/views/users/_form.html.erb:1
    app/views/users/new.html.erb:8
    app/controllers/users_controller.rb:29:in `new'

Rendered rescues/_trace (292.0ms)
Rendered rescues/_request_and_response (0.0ms)
Rendering rescues/layout (internal_server_error)


Processing UsersController#new (for 127.0.0.1 at 2009-10-09 16:56:15) [GET]
Rendering template within layouts/users
Rendering users/new
Rendered users/_form (15.0ms)
Completed in 59ms (View: 25, DB: 0) | 200 OK [http://localhost/users/new]


Processing UsersController#index (for 127.0.0.1 at 2009-10-09 16:57:05) [GET]
  [4;36;1mUser Load (1.0ms)[0m   [0;1mSELECT * FROM "users" [0m
Rendering template within layouts/users
Rendering users/index
Completed in 38ms (View: 4, DB: 1) | 200 OK [http://localhost/users]


Processing UsersController#index (for 127.0.0.1 at 2009-10-23 11:00:53) [GET]
  [4;36;1mUser Load (1.0ms)[0m   [0;1mSELECT * FROM "users" [0m
Rendering template within layouts/users
Rendering users/index
Completed in 38ms (View: 15, DB: 1) | 200 OK [http://localhost/users]


Processing UsersController#new (for 127.0.0.1 at 2009-10-23 11:01:03) [GET]
Rendering template within layouts/users
Rendering users/new
Rendered users/_form (317.0ms)
Completed in 346ms (View: 328, DB: 0) | 200 OK [http://localhost/users/new]


Processing UsersController#create (for 127.0.0.1 at 2009-10-23 11:02:29) [POST]
  Parameters: {"commit"=>"Submit", "authenticity_token"=>"fRPz5+lg8tGuGo5fwTeU+Ua32flyZu1heRaETMfE4Vo=", "user"=>{"password_confirmation"=>"qwerty", "username"=>"tyson", "password"=>"qwerty", "email"=>"tys@cfc.com"}}
  [4;35;1mUser Exists (0.0ms)[0m   [0mSELECT "users".id FROM "users" WHERE (LOWER("users"."email") = 'tys@cfc.com') LIMIT 1[0m
  [4;36;1mUser Exists (0.0ms)[0m   [0;1mSELECT "users".id FROM "users" WHERE (LOWER("users"."username") = 'tyson') LIMIT 1[0m
  [4;35;1mUser Exists (1.0ms)[0m   [0mSELECT "users".id FROM "users" WHERE ("users"."persistence_token" = '8da4950f8aa63c40cfa04deff6a6adb27b1b3e8f60d873dd7c2064a9698b725a09cc0b132548e9f619678363a18c9fc970832c088e7abb4402bb909306dd5e8f') LIMIT 1[0m
  [4;36;1mUser Create (1.0ms)[0m   [0;1mINSERT INTO "users" ("last_request_at", "created_at", "crypted_password", "updated_at", "username", "failed_login_count", "current_login_ip", "password_salt", "current_login_at", "persistence_token", "login_count", "last_login_ip", "last_login_at", "email") VALUES(NULL, '2009-10-23 00:32:30', 'f694b54f883a03417945e16b62f51e13ff1b9c286989cc649c665940bd6502003727bef6d8df280df6a22e2d7c7fb914979343d88d44a82cca1f9b652e2d4121', '2009-10-23 00:32:30', 'tyson', 0, NULL, 'gR991Qe9KMhqTje7zGVW', NULL, '8da4950f8aa63c40cfa04deff6a6adb27b1b3e8f60d873dd7c2064a9698b725a09cc0b132548e9f619678363a18c9fc970832c088e7abb4402bb909306dd5e8f', 0, NULL, NULL, 'tys@cfc.com')[0m

ActionController::ActionControllerError (Cannot redirect to nil!):
  app/controllers/users_controller.rb:48:in `create'
  app/controllers/users_controller.rb:45:in `create'

Rendered rescues/_trace (140.0ms)
Rendered rescues/_request_and_response (2.0ms)
Rendering rescues/layout (internal_server_error)


Processing UsersController#create (for 127.0.0.1 at 2009-10-23 11:05:47) [POST]
  Parameters: {"commit"=>"Submit", "authenticity_token"=>"fRPz5+lg8tGuGo5fwTeU+Ua32flyZu1heRaETMfE4Vo=", "user"=>{"password_confirmation"=>"qwerty", "username"=>"tyson", "password"=>"qwerty", "email"=>"tys@cfc.com"}}
  [4;35;1mUser Exists (1.0ms)[0m   [0mSELECT "users".id FROM "users" WHERE (LOWER("users"."email") = 'tys@cfc.com') LIMIT 1[0m
  [4;36;1mUser Exists (0.0ms)[0m   [0;1mSELECT "users".id FROM "users" WHERE (LOWER("users"."username") = 'tyson') LIMIT 1[0m
  [4;35;1mUser Exists (0.0ms)[0m   [0mSELECT "users".id FROM "users" WHERE ("users"."persistence_token" = '747e825497a265a280233c45aa5f284d373ccaccf0cf88c5cd60d6015b108f93a8e45b41e12b667c719977c1dee8a6a48125adc3589a58740bfa5959a4e20c45') LIMIT 1[0m
Rendering template within layouts/users
Rendering users/new
Rendered users/_form (4.0ms)
Completed in 39ms (View: 6, DB: 1) | 200 OK [http://localhost/users]


Processing UsersController#create (for 127.0.0.1 at 2009-10-23 11:06:12) [POST]
  Parameters: {"commit"=>"Submit", "authenticity_token"=>"fRPz5+lg8tGuGo5fwTeU+Ua32flyZu1heRaETMfE4Vo=", "user"=>{"password_confirmation"=>"qwerty", "username"=>"tys", "password"=>"qwerty", "email"=>"tyson@cfc.com"}}
  [4;36;1mUser Exists (0.0ms)[0m   [0;1mSELECT "users".id FROM "users" WHERE (LOWER("users"."email") = 'tyson@cfc.com') LIMIT 1[0m
  [4;35;1mUser Exists (0.0ms)[0m   [0mSELECT "users".id FROM "users" WHERE (LOWER("users"."username") = 'tys') LIMIT 1[0m
  [4;36;1mUser Exists (0.0ms)[0m   [0;1mSELECT "users".id FROM "users" WHERE ("users"."persistence_token" = '166379301c55ab0f39b00499531578f0427048de496fed9f27cf827f28ce7ff585a3954f0c4f9d482bae7ec2d5fdc7bd3a44bd3c6a2bc63fa1de575a3e4e7d5c') LIMIT 1[0m
  [4;35;1mUser Create (0.0ms)[0m   [0mINSERT INTO "users" ("last_request_at", "created_at", "crypted_password", "updated_at", "username", "failed_login_count", "current_login_ip", "password_salt", "current_login_at", "persistence_token", "login_count", "last_login_ip", "last_login_at", "email") VALUES(NULL, '2009-10-23 00:36:12', 'fe81b780abe054a574930761819c80801c2a099eec487a27d571dc13bc1456e5982f80450e93244dd3d8f59d207545121304924ce68cbf8f8fe815b428957f9e', '2009-10-23 00:36:12', 'tys', 0, NULL, '3Iw1zCMaVqU7ua_eg5en', NULL, '166379301c55ab0f39b00499531578f0427048de496fed9f27cf827f28ce7ff585a3954f0c4f9d482bae7ec2d5fdc7bd3a44bd3c6a2bc63fa1de575a3e4e7d5c', 0, NULL, NULL, 'tyson@cfc.com')[0m

ActionController::ActionControllerError (Cannot redirect to nil!):
  app/controllers/users_controller.rb:48:in `create'
  app/controllers/users_controller.rb:45:in `create'

Rendered rescues/_trace (69.0ms)
Rendered rescues/_request_and_response (1.0ms)
Rendering rescues/layout (internal_server_error)


Processing UsersController#create (for 127.0.0.1 at 2009-10-23 11:06:49) [POST]
  Parameters: {"commit"=>"Submit", "authenticity_token"=>"fRPz5+lg8tGuGo5fwTeU+Ua32flyZu1heRaETMfE4Vo=", "user"=>{"password_confirmation"=>"qwerty", "username"=>"tys", "password"=>"qwerty", "email"=>"tyson@cfc.com"}}
  [4;36;1mUser Exists (0.0ms)[0m   [0;1mSELECT "users".id FROM "users" WHERE (LOWER("users"."email") = 'tyson@cfc.com') LIMIT 1[0m
  [4;35;1mUser Exists (0.0ms)[0m   [0mSELECT "users".id FROM "users" WHERE (LOWER("users"."username") = 'tys') LIMIT 1[0m
  [4;36;1mUser Exists (0.0ms)[0m   [0;1mSELECT "users".id FROM "users" WHERE ("users"."persistence_token" = '6b39531af9ef0b923de7171db412eb62899012e9967cfd111ab00c825ed54b7b5b4015845d56c0a5b57344656e14067372df68a94f06a086321dfe77eab5a164') LIMIT 1[0m
Rendering template within layouts/users
Rendering users/new
Rendered users/_form (4.0ms)
Completed in 42ms (View: 8, DB: 0) | 200 OK [http://localhost/users]


Processing UsersController#create (for 127.0.0.1 at 2009-10-23 11:06:57) [POST]
  Parameters: {"commit"=>"Submit", "authenticity_token"=>"fRPz5+lg8tGuGo5fwTeU+Ua32flyZu1heRaETMfE4Vo=", "user"=>{"password_confirmation"=>"qwerty", "username"=>"tys1", "password"=>"qwerty", "email"=>"tyson1@cfc.com"}}
  [4;35;1mUser Exists (0.0ms)[0m   [0mSELECT "users".id FROM "users" WHERE (LOWER("users"."email") = 'tyson1@cfc.com') LIMIT 1[0m
  [4;36;1mUser Exists (0.0ms)[0m   [0;1mSELECT "users".id FROM "users" WHERE (LOWER("users"."username") = 'tys1') LIMIT 1[0m
  [4;35;1mUser Exists (0.0ms)[0m   [0mSELECT "users".id FROM "users" WHERE ("users"."persistence_token" = 'de929b23206c2da522e49f76b1451316fd8a32bf5604834f2eca3b86a44fce613e43521bdc2d3bf5b70964dc1801d505a3b56e65111ecc14228f10716dfd3c6d') LIMIT 1[0m
  [4;36;1mUser Create (1.0ms)[0m   [0;1mINSERT INTO "users" ("last_request_at", "created_at", "crypted_password", "updated_at", "username", "failed_login_count", "current_login_ip", "password_salt", "current_login_at", "persistence_token", "login_count", "last_login_ip", "last_login_at", "email") VALUES(NULL, '2009-10-23 00:36:57', '0abc7a1a9802a6174a6fbbe7b846faba21bf59278f678b6b7fb31baa93ca05a69103511b75127bb4ebd9b9b6f4753cfb46ad6370a2017212c52be6506416d23e', '2009-10-23 00:36:57', 'tys1', 0, NULL, '1IdGU5dw8y6K8ryfe1jQ', NULL, 'de929b23206c2da522e49f76b1451316fd8a32bf5604834f2eca3b86a44fce613e43521bdc2d3bf5b70964dc1801d505a3b56e65111ecc14228f10716dfd3c6d', 0, NULL, NULL, 'tyson1@cfc.com')[0m

ActionController::ActionControllerError (Cannot redirect to nil!):
  app/controllers/users_controller.rb:48:in `create'
  app/controllers/users_controller.rb:45:in `create'

Rendered rescues/_trace (70.0ms)
Rendered rescues/_request_and_response (0.0ms)
Rendering rescues/layout (internal_server_error)


Processing UsersController#create (for 127.0.0.1 at 2009-10-23 11:08:19) [POST]
  Parameters: {"commit"=>"Submit", "authenticity_token"=>"fRPz5+lg8tGuGo5fwTeU+Ua32flyZu1heRaETMfE4Vo=", "user"=>{"password_confirmation"=>"qwerty", "username"=>"tys1", "password"=>"qwerty", "email"=>"tyson1@cfc.com"}}
  [4;35;1mUser Exists (0.0ms)[0m   [0mSELECT "users".id FROM "users" WHERE (LOWER("users"."email") = 'tyson1@cfc.com') LIMIT 1[0m
  [4;36;1mUser Exists (0.0ms)[0m   [0;1mSELECT "users".id FROM "users" WHERE (LOWER("users"."username") = 'tys1') LIMIT 1[0m
  [4;35;1mUser Exists (0.0ms)[0m   [0mSELECT "users".id FROM "users" WHERE ("users"."persistence_token" = 'c9418a11c44a473d63a383688744abc4c7f222c1be51986efb1f18c8512b6115fb231364ab506cf799aafa46b72228f56d07d5f36dec8c0d41592bf383858737') LIMIT 1[0m
Rendering template within layouts/users
Rendering users/new
Rendered users/_form (3.0ms)
Completed in 37ms (View: 6, DB: 0) | 200 OK [http://localhost/users]


Processing UsersController#create (for 127.0.0.1 at 2009-10-23 11:08:27) [POST]
  Parameters: {"commit"=>"Submit", "authenticity_token"=>"fRPz5+lg8tGuGo5fwTeU+Ua32flyZu1heRaETMfE4Vo=", "user"=>{"password_confirmation"=>"qwerty", "username"=>"tys2", "password"=>"qwerty", "email"=>"tyson2@cfc.com"}}
  [4;36;1mUser Exists (1.0ms)[0m   [0;1mSELECT "users".id FROM "users" WHERE (LOWER("users"."email") = 'tyson2@cfc.com') LIMIT 1[0m
  [4;35;1mUser Exists (0.0ms)[0m   [0mSELECT "users".id FROM "users" WHERE (LOWER("users"."username") = 'tys2') LIMIT 1[0m
  [4;36;1mUser Exists (0.0ms)[0m   [0;1mSELECT "users".id FROM "users" WHERE ("users"."persistence_token" = '859e20b6c3d788417d3227c6581734d6a2eaf01dfe841326521283d73e1a966ef8b5ebb006017a8772a5f503c95b3d4997520e184ba056359bbfc866b2cd3396') LIMIT 1[0m
  [4;35;1mUser Create (1.0ms)[0m   [0mINSERT INTO "users" ("last_request_at", "created_at", "crypted_password", "updated_at", "username", "failed_login_count", "current_login_ip", "password_salt", "current_login_at", "persistence_token", "login_count", "last_login_ip", "last_login_at", "email") VALUES(NULL, '2009-10-23 00:38:27', '140d90623130860527f1e06531fd7685783ef11cd36d7ed2480072071efdf29ba50c24b68512a6e07c838305a004932b2512e868de080afdc75b2617e3706da3', '2009-10-23 00:38:27', 'tys2', 0, NULL, 'OuYYzwO2cz7V4mU7iyv-', NULL, '859e20b6c3d788417d3227c6581734d6a2eaf01dfe841326521283d73e1a966ef8b5ebb006017a8772a5f503c95b3d4997520e184ba056359bbfc866b2cd3396', 0, NULL, NULL, 'tyson2@cfc.com')[0m
Redirected to http://localhost:3000/
Completed in 39ms (DB: 2) | 302 Found [http://localhost/users]


Processing VolunteersController#index (for 127.0.0.1 at 2009-10-23 11:34:43) [GET]
  [4;36;1mVolunteer Load (1.0ms)[0m   [0;1mSELECT * FROM "volunteers" [0m
Rendering template within layouts/volunteers
Rendering volunteers/index
Rendered _header (3.0ms)
Rendered _footer (2.0ms)
Completed in 250ms (View: 239, DB: 1) | 200 OK [http://localhost/volunteers]


Processing VolunteersController#index (for 127.0.0.1 at 2009-10-23 11:35:04) [GET]
  [4;35;1mVolunteer Load (1.0ms)[0m   [0mSELECT * FROM "volunteers" [0m
Rendering template within layouts/volunteers
Rendering volunteers/index
Rendered _header (1.0ms)
Rendered _footer (0.0ms)
Completed in 16ms (View: 6, DB: 1) | 200 OK [http://localhost/volunteers]


Processing UsersController#new (for 127.0.0.1 at 2009-10-23 11:35:13) [GET]
Rendering template within layouts/users
Rendering users/new
Rendered users/_form (5.0ms)
Completed in 28ms (View: 9, DB: 0) | 200 OK [http://localhost/register]


Processing UserSessionsController#new (for 127.0.0.1 at 2009-10-23 11:35:19) [GET]
Rendering template within layouts/user_sessions
Rendering user_sessions/new
Completed in 38ms (View: 15, DB: 0) | 200 OK [http://localhost/login]


Processing VolunteersController#index (for 127.0.0.1 at 2009-10-23 11:37:23) [GET]
  [4;36;1mVolunteer Load (1.0ms)[0m   [0;1mSELECT * FROM "volunteers" [0m
Rendering template within layouts/volunteers
Rendering volunteers/index
Rendered _header (3.0ms)
Rendered _footer (0.0ms)
Completed in 23ms (View: 11, DB: 1) | 200 OK [http://localhost/volunteers]


Processing VolunteersController#index (for 127.0.0.1 at 2009-10-23 11:40:29) [GET]
  [4;35;1mVolunteer Load (1.0ms)[0m   [0mSELECT * FROM "volunteers" [0m
Rendering template within layouts/volunteers
Rendering volunteers/index
Rendered _header (1.0ms)
Rendered _footer (0.0ms)
Completed in 18ms (View: 6, DB: 1) | 200 OK [http://localhost/volunteers]


Processing VolunteersController#index (for 127.0.0.1 at 2009-10-23 11:41:01) [GET]
  [4;36;1mVolunteer Load (1.0ms)[0m   [0;1mSELECT * FROM "volunteers" [0m
Rendering template within layouts/volunteers
Rendering volunteers/index
Rendered _header (4.0ms)
Rendered _footer (0.0ms)
Completed in 23ms (View: 13, DB: 1) | 200 OK [http://localhost/volunteers]


Processing VolunteersController#index (for 127.0.0.1 at 2009-10-23 11:43:12) [GET]
  [4;35;1mVolunteer Load (1.0ms)[0m   [0mSELECT * FROM "volunteers" [0m
Rendering template within layouts/volunteers
Rendering volunteers/index
Rendered _header (4.0ms)
Rendered _footer (0.0ms)
Completed in 23ms (View: 12, DB: 1) | 200 OK [http://localhost/volunteers]


Processing UsersController#edit (for 127.0.0.1 at 2009-10-23 11:43:16) [GET]
  Parameters: {"id"=>"current"}
  [4;36;1mUser Load (0.0ms)[0m   [0;1mSELECT * FROM "users" WHERE ("users"."id" = 0) [0m

ActiveRecord::RecordNotFound (Couldn't find User with ID=current):
  app/controllers/users_controller.rb:37:in `edit'

Rendered rescues/_trace (63.0ms)
Rendered rescues/_request_and_response (0.0ms)
Rendering rescues/layout (not_found)


Processing UsersController#edit (for 127.0.0.1 at 2009-10-23 11:51:58) [GET]
  Parameters: {"id"=>"current"}
  [4;35;1mUser Load (1.0ms)[0m   [0mSELECT * FROM "users" WHERE ("users"."id" = 0) [0m

ActiveRecord::RecordNotFound (Couldn't find User with ID=current):
  app/controllers/users_controller.rb:37:in `edit'

Rendered rescues/_trace (148.0ms)
Rendered rescues/_request_and_response (0.0ms)
Rendering rescues/layout (not_found)


Processing UsersController#edit (for 127.0.0.1 at 2009-10-23 11:55:18) [GET]
  Parameters: {"id"=>"current"}

NameError (undefined local variable or method `userSession' for #<UsersController:0x6d5fd6c>):
  app/controllers/application_controller.rb:16:in `current_user_session'
  app/controllers/application_controller.rb:21:in `current_user'
  app/controllers/users_controller.rb:37:in `edit'

Rendered rescues/_trace (60.0ms)
Rendered rescues/_request_and_response (0.0ms)
Rendering rescues/layout (internal_server_error)


Processing UserSessionsController#new (for 127.0.0.1 at 2009-10-23 11:56:19) [GET]
Rendering template within layouts/user_sessions
Rendering user_sessions/new
Completed in 32ms (View: 5, DB: 0) | 200 OK [http://localhost/login]


Processing UserSessionsController#create (for 127.0.0.1 at 2009-10-23 11:56:28) [POST]
  Parameters: {"commit"=>"Submit", "user_session"=>{"username"=>"tys2", "password"=>"qwerty"}, "authenticity_token"=>"fRPz5+lg8tGuGo5fwTeU+Ua32flyZu1heRaETMfE4Vo="}
  [4;36;1mUser Load (1.0ms)[0m   [0;1mSELECT * FROM "users" WHERE (LOWER("users".username) = 'tys2') LIMIT 1[0m
  [4;35;1mUser Update (1.0ms)[0m   [0mUPDATE "users" SET "login_count" = 1, "current_login_ip" = '127.0.0.1', "updated_at" = '2009-10-23 01:26:29', "last_request_at" = '2009-10-23 01:26:29', "current_login_at" = '2009-10-23 01:26:28' WHERE "id" = 4[0m
Redirected to http://localhost:3000/
Completed in 619ms (DB: 2) | 302 Found [http://localhost/user_sessions]


Processing VolunteersController#index (for 127.0.0.1 at 2009-10-23 11:56:42) [GET]
  [4;36;1mVolunteer Load (1.0ms)[0m   [0;1mSELECT * FROM "volunteers" [0m
Rendering template within layouts/volunteers
Rendering volunteers/index
Rendered _header (1.0ms)
Rendered _footer (1.0ms)
Completed in 18ms (View: 7, DB: 1) | 200 OK [http://localhost/volunteers]


Processing UsersController#edit (for 127.0.0.1 at 2009-10-23 11:56:48) [GET]
  Parameters: {"id"=>"current"}

NameError (undefined local variable or method `userSession' for #<UsersController:0x6d48874>):
  app/controllers/application_controller.rb:16:in `current_user_session'
  app/controllers/application_controller.rb:21:in `current_user'
  app/controllers/users_controller.rb:37:in `edit'

Rendered rescues/_trace (60.0ms)
Rendered rescues/_request_and_response (0.0ms)
Rendering rescues/layout (internal_server_error)


Processing UsersController#edit (for 127.0.0.1 at 2009-10-23 11:59:52) [GET]
  Parameters: {"id"=>"current"}

NameError (undefined local variable or method `userSession' for #<UsersController:0x6b2d9b8>):
  app/controllers/application_controller.rb:16:in `current_user_session'
  app/controllers/application_controller.rb:21:in `current_user'
  app/controllers/users_controller.rb:37:in `edit'

Rendered rescues/_trace (62.0ms)
Rendered rescues/_request_and_response (0.0ms)
Rendering rescues/layout (internal_server_error)


Processing UsersController#edit (for 127.0.0.1 at 2009-10-23 12:01:59) [GET]
  Parameters: {"id"=>"current"}
  [4;35;1mUser Load (1.0ms)[0m   [0mSELECT * FROM "users" WHERE ("users"."id" = '4') LIMIT 1[0m
  [4;36;1mUser Update (1.0ms)[0m   [0;1mUPDATE "users" SET "updated_at" = '2009-10-23 01:31:59', "last_request_at" = '2009-10-23 01:31:59' WHERE "id" = 4[0m
  [4;35;1mUser Load (1.0ms)[0m   [0mSELECT * FROM "users" WHERE ("users"."id" = '4') LIMIT 1[0m
  [4;36;1mUser Update (1.0ms)[0m   [0;1mUPDATE "users" SET "updated_at" = '2009-10-23 01:31:59', "last_request_at" = '2009-10-23 01:31:59' WHERE "id" = 4[0m
Rendering template within layouts/users
Rendering users/edit
Rendered _header (1.0ms)
Rendered users/_form (2.0ms)
Rendered _footer (0.0ms)
Completed in 288ms (View: 17, DB: 4) | 200 OK [http://localhost/users/current/edit]


Processing UsersController#update (for 127.0.0.1 at 2009-10-23 12:02:28) [PUT]
  Parameters: {"commit"=>"Submit", "authenticity_token"=>"fRPz5+lg8tGuGo5fwTeU+Ua32flyZu1heRaETMfE4Vo=", "id"=>"4", "user"=>{"password_confirmation"=>"", "username"=>"tys2", "password"=>"", "email"=>"tyson2@cfc.com"}}
  [4;35;1mUser Load (1.0ms)[0m   [0mSELECT * FROM "users" WHERE ("users"."id" = '4') LIMIT 1[0m
  [4;36;1mUser Update (1.0ms)[0m   [0;1mUPDATE "users" SET "updated_at" = '2009-10-23 01:32:28', "last_request_at" = '2009-10-23 01:32:28' WHERE "id" = 4[0m
  [4;35;1mUser Load (0.0ms)[0m   [0mSELECT * FROM "users" WHERE ("users"."id" = '4') LIMIT 1[0m
  [4;36;1mUser Update (1.0ms)[0m   [0;1mUPDATE "users" SET "updated_at" = '2009-10-23 01:32:28', "last_request_at" = '2009-10-23 01:32:28' WHERE "id" = 4[0m
Redirected to http://localhost:3000/users/4
Completed in 52ms (DB: 3) | 302 Found [http://localhost/users/4]


Processing UsersController#show (for 127.0.0.1 at 2009-10-23 12:02:29) [GET]
  Parameters: {"id"=>"4"}
  [4;35;1mUser Load (1.0ms)[0m   [0mSELECT * FROM "users" WHERE ("users"."id" = 4) [0m
Rendering template within layouts/users
Rendering users/show
Completed in 34ms (View: 10, DB: 1) | 200 OK [http://localhost/users/4]


Processing UsersController#index (for 127.0.0.1 at 2009-10-23 12:02:37) [GET]
  [4;36;1mUser Load (1.0ms)[0m   [0;1mSELECT * FROM "users" [0m
Rendering template within layouts/users
Rendering users/index
Completed in 36ms (View: 12, DB: 1) | 200 OK [http://localhost/users]


Processing VolunteersController#index (for 127.0.0.1 at 2009-10-23 12:03:06) [GET]
  [4;35;1mVolunteer Load (1.0ms)[0m   [0mSELECT * FROM "volunteers" [0m
Rendering template within layouts/volunteers
Rendering volunteers/index
Rendered _header (1.0ms)
Rendered _footer (0.0ms)
Completed in 20ms (View: 9, DB: 1) | 200 OK [http://localhost/volunteers]


Processing UserSessionsController#destroy (for 127.0.0.1 at 2009-10-23 12:03:50) [GET]
  [4;36;1mUser Load (1.0ms)[0m   [0;1mSELECT * FROM "users" WHERE ("users"."id" = '4') LIMIT 1[0m
  [4;35;1mUser Update (1.0ms)[0m   [0mUPDATE "users" SET "updated_at" = '2009-10-23 01:33:50', "last_request_at" = '2009-10-23 01:33:50' WHERE "id" = 4[0m
Redirected to http://localhost:3000/
Completed in 79ms (DB: 2) | 302 Found [http://localhost/logout]
